<?xml version="1.0" encoding="UTF-8"?>
<!-- Generated by org.testng.reporters.JUnitReportReporter -->
<testsuite hostname="Ankita-PC" failures="0" tests="1" name="Second_Project_OrengeHRM.Second_Project_OrengeHRM.AppTest" time="0.000" errors="0" timestamp="2024-08-23T20:49:36 IST" skipped="0">
  <testcase classname="Second_Project_OrengeHRM.Second_Project_OrengeHRM.AppTest" name="testApp" time="0.000"/>
  <system-out/>
</testsuite> <!-- Second_Project_OrengeHRM.Second_Project_OrengeHRM.AppTest -->
