<?xml version="1.0" encoding="UTF-8"?>
<!-- Generated by org.testng.reporters.JUnitReportReporter -->
<testsuite hostname="Ankita-PC" failures="0" tests="4" name="Second_Project_OrengeHRM.Second_Project_OrengeHRM.TempAddEmpTest" time="15.593" errors="0" timestamp="2024-08-23T12:33:43 IST" skipped="0">
  <testcase classname="Second_Project_OrengeHRM.Second_Project_OrengeHRM.TempAddEmpTest" name="loginTest" time="0.603"/>
  <testcase classname="Second_Project_OrengeHRM.Second_Project_OrengeHRM.TempAddEmpTest" name="testAddEmp" time="10.374"/>
  <testcase classname="Second_Project_OrengeHRM.Second_Project_OrengeHRM.TempAddEmpTest" name="testSerachEmp" time="1.663"/>
  <testcase classname="Second_Project_OrengeHRM.Second_Project_OrengeHRM.TempAddEmpTest" name="testDeleteEmpRecord" time="2.953"/>
</testsuite> <!-- Second_Project_OrengeHRM.Second_Project_OrengeHRM.TempAddEmpTest -->
