<?xml version="1.0" encoding="UTF-8"?>
<!-- Generated by org.testng.reporters.JUnitReportReporter -->
<testsuite hostname="Ankita-PC" failures="0" tests="2" name="Second_Project_OrengeHRM.Second_Project_OrengeHRM.EmployeeTest" time="11.594" errors="0" timestamp="2024-08-22T18:19:48 IST" skipped="0">
  <testcase classname="Second_Project_OrengeHRM.Second_Project_OrengeHRM.EmployeeTest" name="loginTestWithValidCredential" time="1.951"/>
  <testcase classname="Second_Project_OrengeHRM.Second_Project_OrengeHRM.EmployeeTest" name="testAddEmployee" time="9.643"/>
</testsuite> <!-- Second_Project_OrengeHRM.Second_Project_OrengeHRM.EmployeeTest -->
