<?xml version="1.0" encoding="UTF-8"?>
<!-- Generated by org.testng.reporters.JUnitReportReporter -->
<testsuite hostname="Ankita-PC" failures="0" tests="9" name="Second_Project_OrengeHRM.Second_Project_OrengeHRM.OrangeHRM" time="15.388" errors="0" timestamp="2024-08-12T23:38:52 IST" skipped="8">
  <testcase classname="Second_Project_OrengeHRM.Second_Project_OrengeHRM.OrangeHRM" name="applyLeave" time="15.388"/>
  <testcase classname="Second_Project_OrengeHRM.Second_Project_OrengeHRM.OrangeHRM" name="doLoginWithInvalidCredential">
    <skipped/>
  </testcase> <!-- doLoginWithInvalidCredential -->
  <testcase classname="Second_Project_OrengeHRM.Second_Project_OrengeHRM.OrangeHRM" name="ListEmployees">
    <skipped/>
  </testcase> <!-- ListEmployees -->
  <testcase classname="Second_Project_OrengeHRM.Second_Project_OrengeHRM.OrangeHRM" name="searchEmployeeById">
    <skipped/>
  </testcase> <!-- searchEmployeeById -->
  <testcase classname="Second_Project_OrengeHRM.Second_Project_OrengeHRM.OrangeHRM" name="addEmployee">
    <skipped/>
  </testcase> <!-- addEmployee -->
  <testcase classname="Second_Project_OrengeHRM.Second_Project_OrengeHRM.OrangeHRM" name="fileUpload">
    <skipped/>
  </testcase> <!-- fileUpload -->
  <testcase classname="Second_Project_OrengeHRM.Second_Project_OrengeHRM.OrangeHRM" name="searchEmployeeNyName">
    <skipped/>
  </testcase> <!-- searchEmployeeNyName -->
  <testcase classname="Second_Project_OrengeHRM.Second_Project_OrengeHRM.OrangeHRM" name="loginTestWithValidCredential">
    <skipped/>
  </testcase> <!-- loginTestWithValidCredential -->
  <testcase classname="Second_Project_OrengeHRM.Second_Project_OrengeHRM.OrangeHRM" name="deleteEmployee">
    <skipped/>
  </testcase> <!-- deleteEmployee -->
</testsuite> <!-- Second_Project_OrengeHRM.Second_Project_OrengeHRM.OrangeHRM -->
