<?xml version="1.0" encoding="UTF-8"?>
<!-- Generated by org.testng.reporters.JUnitReportReporter -->
<testsuite hostname="Ankita-PC" failures="0" tests="4" name="Second_Project_OrengeHRM.Second_Project_OrengeHRM.EmpActionTest" time="17.484" errors="0" timestamp="2024-08-23T20:53:52 IST" skipped="0">
  <testcase classname="Second_Project_OrengeHRM.Second_Project_OrengeHRM.EmpActionTest" name="loginTest" time="1.582"/>
  <testcase classname="Second_Project_OrengeHRM.Second_Project_OrengeHRM.EmpActionTest" name="testAddEmp" time="8.255"/>
  <testcase classname="Second_Project_OrengeHRM.Second_Project_OrengeHRM.EmpActionTest" name="testSerachEmp" time="1.270"/>
  <testcase classname="Second_Project_OrengeHRM.Second_Project_OrengeHRM.EmpActionTest" name="testDeleteEmpRecord" time="6.377"/>
</testsuite> <!-- Second_Project_OrengeHRM.Second_Project_OrengeHRM.EmpActionTest -->
