<?xml version="1.0" encoding="UTF-8"?>
<!-- Generated by org.testng.reporters.JUnitReportReporter -->
<testsuite hostname="Ankita-PC" failures="0" tests="1" name="Second_Project_OrengeHRM.Second_Project_OrengeHRM.LoginTest" time="1.379" errors="0" timestamp="2024-08-24T01:36:34 IST" skipped="0">
  <testcase classname="Second_Project_OrengeHRM.Second_Project_OrengeHRM.LoginTest" name="testLogin" time="1.379"/>
</testsuite> <!-- Second_Project_OrengeHRM.Second_Project_OrengeHRM.LoginTest -->
